生成启动时间为 2017/2/9 18:58:19。
     1>项目“C:\Users\beardollPC\Documents\DVRPBTW\DVRPBTW\DVRPBTW.vcxproj”在节点 2 上(Build 个目标)。
     1>ClCompile:
         G:\VS2012\VC\bin\CL.exe /c /ZI /nologo /W3 /WX- /Od /Oy- /D _MBCS /Gm /EHsc /RTC1 /MDd /GS /fp:precise /Zc:wchar_t /Zc:forScope /Fo"Debug\\" /Fd"Debug\vc110.pdb" /Gd /TP /analyze- /errorReport:prompt Dispatcher.cpp
         Dispatcher.cpp
     1>c:\users\beardollpc\documents\dvrpbtw\dvrpbtw\dispatcher.cpp(146): warning C4244: “初始化”: 从“int”转换到“float”，可能丢失数据
       Link:
         G:\VS2012\VC\bin\link.exe /ERRORREPORT:PROMPT /OUT:"C:\Users\beardollPC\Documents\DVRPBTW\Debug\DVRPBTW.exe" /INCREMENTAL /NOLOGO kernel32.lib user32.lib gdi32.lib winspool.lib comdlg32.lib advapi32.lib shell32.lib ole32.lib oleaut32.lib uuid.lib odbc32.lib odbccp32.lib /MANIFEST /MANIFESTUAC:"level='asInvoker' uiAccess='false'" /manifest:embed /DEBUG /PDB:"C:\Users\beardollPC\Documents\DVRPBTW\Debug\DVRPBTW.pdb" /TLBID:1 /DYNAMICBASE /NXCOMPAT /IMPLIB:"C:\Users\beardollPC\Documents\DVRPBTW\Debug\DVRPBTW.lib" /MACHINE:X86 Debug\Car.obj
         Debug\Dispatcher.obj
         Debug\LNS_rel.obj
         Debug\LoadFile.obj
         Debug\main.obj
         Debug\OutputFile.obj
         Debug\PublicFunction.obj
         Debug\Route.obj
         Debug\ALNS.obj
         Debug\SetBench.obj
         Debug\Simulator.obj
         Debug\SSALNS.obj
         Debug\Timer.obj
         Debug\tinystr.obj
         Debug\tinyxml.obj
         Debug\tinyxmlerror.obj
         Debug\tinyxmlparser.obj
         Debug\TxtRecorder.obj
         DVRPBTW.vcxproj -> C:\Users\beardollPC\Documents\DVRPBTW\Debug\DVRPBTW.exe
     1>已完成生成项目“C:\Users\beardollPC\Documents\DVRPBTW\DVRPBTW\DVRPBTW.vcxproj”(Build 个目标)的操作。

生成成功。

已用时间 00:00:03.68
